<?xml version="1.0" encoding="UTF-8"?>
<testng-results skipped="0" failed="0" ignored="0" total="1" passed="1">
  <reporter-output>
  </reporter-output>
  <suite name="BDD Test Suite" duration-ms="102244" started-at="2019-12-17T05:01:59Z" finished-at="2019-12-17T05:03:42Z">
    <groups>
      <group name="cucumber">
        <method signature="TestRunner.feature(cucumber.api.testng.CucumberFeatureWrapper)[pri:0, instance:MyRunner.TestRunner@9f70c54]" name="feature" class="MyRunner.TestRunner"/>
      </group> <!-- cucumber -->
    </groups>
    <test name="Guest explores" duration-ms="102244" started-at="2019-12-17T05:01:59Z" finished-at="2019-12-17T05:03:42Z">
      <class name="MyRunner.TestRunner">
        <test-method status="PASS" signature="setUpClass()[pri:0, instance:MyRunner.TestRunner@9f70c54]" name="setUpClass" is-config="true" duration-ms="330" started-at="2019-12-17T05:01:59Z" finished-at="2019-12-17T05:02:00Z">
          <reporter-output>
          </reporter-output>
        </test-method> <!-- setUpClass -->
        <test-method status="PASS" signature="feature(cucumber.api.testng.CucumberFeatureWrapper)[pri:0, instance:MyRunner.TestRunner@9f70c54]" name="feature" duration-ms="101752" started-at="2019-12-17T05:02:00Z" description="Runs Cucumber Feature" data-provider="features" finished-at="2019-12-17T05:03:42Z">
          <params>
            <param index="0">
              <value>
                <![CDATA[explores shore excursions - By destinations , Port]]>
              </value>
            </param>
          </params>
          <reporter-output>
          </reporter-output>
        </test-method> <!-- feature -->
        <test-method status="PASS" signature="tearDownClass()[pri:0, instance:MyRunner.TestRunner@9f70c54]" name="tearDownClass" is-config="true" duration-ms="43" started-at="2019-12-17T05:03:42Z" finished-at="2019-12-17T05:03:42Z">
          <reporter-output>
          </reporter-output>
        </test-method> <!-- tearDownClass -->
      </class> <!-- MyRunner.TestRunner -->
    </test> <!-- Guest explores -->
  </suite> <!-- BDD Test Suite -->
</testng-results>
